[0m13:51:27.716896 [debug] [MainThread]: Sending event: {'category': 'dbt', 'action': 'invocation', 'label': 'start', 'context': [<snowplow_tracker.self_describing_json.SelfDescribingJson object at 0x7563b19492e0>, <snowplow_tracker.self_describing_json.SelfDescribingJson object at 0x7563b3e2be60>, <snowplow_tracker.self_describing_json.SelfDescribingJson object at 0x7563b1767470>]}


============================== 13:51:27.720300 | b1308275-955c-4be8-b57e-1eacdc7074e2 ==============================
[0m13:51:27.720300 [info ] [MainThread]: Running with dbt=1.11.10
[0m13:51:27.720657 [debug] [MainThread]: running dbt with arguments {'target_path': 'None', 'invocation_command': 'dbt init', 'log_format': 'default', 'write_json': 'True', 'warn_error': 'None', 'quiet': 'False', 'warn_error_options': 'WarnErrorOptionsV2(error=[], warn=[], silence=[])', 'partial_parse': 'True', 'introspect': 'True', 'use_colors': 'True', 'debug': 'False', 'fail_fast': 'False', 'indirect_selection': 'eager', 'static_parser': 'True', 'cache_selected_only': 'False', 'log_path': 'logs', 'log_cache_events': 'False', 'no_print': 'None', 'printer_width': '80', 'send_anonymous_usage_stats': 'True', 'use_experimental_parser': 'False', 'version_check': 'True', 'profiles_dir': '/home/diogo_silva/.dbt', 'empty': 'None'}
[0m13:51:41.324954 [debug] [MainThread]: Starter project path: /home/diogo_silva/projects/library/.venv/lib/python3.12/site-packages/dbt/include/starter_project
[0m13:51:41.329597 [info ] [MainThread]: 
Your new dbt project "library_project" was created!

For more information on how to configure the profiles.yml file,
please consult the dbt documentation here:

  https://docs.getdbt.com/docs/configure-your-profile

One more thing:

Need help? Don't hesitate to reach out to us via GitHub issues or on Slack:

  https://community.getdbt.com/

Happy modeling!

[0m13:51:41.329942 [info ] [MainThread]: Setting up your profile.
[0m13:51:46.735258 [debug] [MainThread]: Snowflake adapter: Setting snowflake.connector to ERROR (file logging only)
[0m13:51:46.735593 [debug] [MainThread]: Snowflake adapter: Setting botocore to ERROR (file logging only)
[0m13:51:46.735843 [debug] [MainThread]: Snowflake adapter: Setting boto3 to ERROR (file logging only)
[0m14:00:10.721745 [info ] [MainThread]: Profile library_project written to /home/diogo_silva/.dbt/profiles.yml using target's profile_template.yml and your supplied values. Run 'dbt debug' to validate the connection.
[0m14:00:10.723698 [debug] [MainThread]: Resource report: {"command_name": "init", "command_success": true, "command_wall_clock_time": 523.04645, "process_in_blocks": "245736", "process_kernel_time": 0.463788, "process_mem_max_rss": "204064", "process_out_blocks": "80", "process_user_time": 3.417784}
[0m14:00:10.724592 [debug] [MainThread]: Command `dbt init` succeeded at 14:00:10.724498 after 523.05 seconds
[0m14:00:10.724935 [debug] [MainThread]: Sending event: {'category': 'dbt', 'action': 'invocation', 'label': 'end', 'context': [<snowplow_tracker.self_describing_json.SelfDescribingJson object at 0x756373027860>, <snowplow_tracker.self_describing_json.SelfDescribingJson object at 0x7563714a2540>, <snowplow_tracker.self_describing_json.SelfDescribingJson object at 0x756370a71700>]}
[0m14:00:10.725270 [debug] [MainThread]: Flushing usage events
[0m14:00:11.854397 [debug] [MainThread]: An error was encountered while trying to flush usage events
